[2018-06-06T22:36:06.005] [INFO] cheese - 开始，当前时间 2018-06-06T14:36:06.004Z
[2018-06-06T22:36:06.010] [INFO] cheese - 请求最新 nonce ...
[2018-06-06T22:36:18.620] [INFO] cheese - 得到nonce，进行交易签名 41
[2018-06-06T22:36:18.624] [INFO] cheese - 交易已签名
[2018-06-06T22:36:18.637] [INFO] cheese - 向主网发起交易请求...
[2018-06-06T22:36:20.642] [INFO] cheese - 交易请求发送成功，得到 txhash 为 347e37c6d535f0b82e4586a8d1657e8ac9a49ff82c1f25b1bd02cd23690e84fe ，请等待交易结果...
[2018-06-06T22:36:28.444] [INFO] cheese - pengding，继续查询...
[2018-06-06T22:36:38.251] [ERROR] cheese - 交易失败 2018-06-06T14:36:38.251Z Call: Error: 不在结算时间内 Error: 不在结算时间内
[2018-06-06T22:36:38.252] [ERROR] cheese - 捕捉执行失败， { execute_error: 'Call: Error: 不在结算时间内',
  execute_result: 'Error: 不在结算时间内' }
[2018-06-06T22:46:12.279] [INFO] cheese - 开始，当前时间 2018-06-06T14:46:12.278Z
[2018-06-06T22:46:12.284] [INFO] cheese - 请求最新 nonce ...
[2018-06-06T22:46:13.387] [INFO] cheese - 得到nonce，进行交易签名 42
[2018-06-06T22:46:13.390] [INFO] cheese - 交易已签名
[2018-06-06T22:46:13.402] [INFO] cheese - 向主网发起交易请求...
[2018-06-06T22:46:14.024] [INFO] cheese - 交易请求发送成功，得到 txhash 为 944932559c16ff4f307b19cc7ac259f053cd0a7aef467370f75236eea0c6118f ，请等待交易结果...
[2018-06-06T22:46:20.825] [INFO] cheese - pengding，继续查询...
[2018-06-06T22:46:29.182] [INFO] cheese - pengding，继续查询...
[2018-06-06T22:46:36.043] [ERROR] cheese - 交易失败 2018-06-06T14:46:36.043Z Call: Error: 不在结算时间内 Error: 不在结算时间内
[2018-06-06T22:46:36.044] [ERROR] cheese - 捕捉执行失败， { execute_error: 'Call: Error: 不在结算时间内',
  execute_result: 'Error: 不在结算时间内' }
